<?xml version="1.0" encoding="UTF-8"?>
<!-- Generated by org.testng.reporters.JUnitReportReporter -->
<testsuite hostname="abcd-PC" name="genericlib.baseclass" tests="1" failures="0" timestamp="17 Jan 2018 13:52:31 GMT" time="5.500" errors="0">
  <testcase name="Test" time="5.500" classname="genericlib.baseclass"/>
</testsuite> <!-- genericlib.baseclass -->
