<?xml version="1.0" encoding="UTF-8"?>
<!-- Generated by org.testng.reporters.JUnitReportReporter -->
<testsuite hostname="abcd-PC" name="COM.ATITIME.CREATEaccount.createanaccount" tests="1" failures="0" timestamp="17 Jan 2018 14:18:39 GMT" time="7.044" errors="0">
  <testcase name="create" time="7.044" classname="COM.ATITIME.CREATEaccount.createanaccount"/>
</testsuite> <!-- COM.ATITIME.CREATEaccount.createanaccount -->
